<?xml version="1.0" encoding="UTF-8"?>
<!-- Generated by org.testng.reporters.JUnitReportReporter -->
<testsuite hostname="DESKTOP-OC8SAEU" failures="0" tests="1" name="testCases.TC_001" time="0.170" errors="0" timestamp="2022-05-18T11:15:48 BST" skipped="0">
  <testcase classname="testCases.TC_001" name="test1" time="0.170"/>
  <system-out/>
</testsuite> <!-- testCases.TC_001 -->
